[    7316ms] [LOG] %c
▲

    ________   _ __ _          ____           __
   /  _/ __/  (_) /( )_____   / __/___ ______/ /_
   / // /_   / / __/// ___/  / /_/ __ `/ ___/ __/
 _/ // __/  / / /_  (__  )  / __/ /_/ (__  ) /_
/___/_/    /_/\__/ /____/  /_/  \__,_/____/\__/
    _ __ _                         _    __                    __
   (_) /( )_____   ____  ____     | |  / /__  _____________  / /
  / / __/// ___/  / __ \/ __ \    | | / / _ \/ ___/ ___/ _ \/ /
 / / /_  (__  )  / /_/ / / / /    | |/ /  __/ /  / /__/  __/ /
/_/\__/ /____/   \____/_/ /_/     |___/\___/_/   \___/\___/_/
  

Hello!

- Open Source https://vercel.com/oss
- Careers https://vercel.com/careers
- Status https://vercel-status.com

 font-family: "Geist Mono", monospace; white-space: pre; line-height: 1; @ https://vercel.com/vc-ap-vercel-marketing/_next/static/chunks/14y5myrggaj40.js?dpl=dpl_Ri5Txg3E2s71XXhpbAbWywH9DCeg:72
[    9509ms] [ERROR] Connecting to 'https://www.vercel-status.com/api/v2/incidents/unresolved.json' violates the following Content Security Policy directive: "connect-src 'self' data: *.chilipiper.com *.ingest.sentry.io *.ingest.us.sentry.io wss://ws-us3.pusher.com sockjs-use3.pusher.com react-tweet.vercel.app https://*.contentful.com vercel.com *.vercel.com assets.vercel.com *.vercel.sh vercel.live wss://*.vercel.com *.codesandbox.io localhost:* chrome-extension://* https://www.youtube-nocookie.com *.chilipiper.com https://risk.clearbit.com https://react-tweet.vercel.app/* cdp.vercel.com". The action has been blocked. @ https://vercel.com/:79
[    9510ms] [ERROR] Fetch API cannot load https://www.vercel-status.com/api/v2/incidents/unresolved.json. Refused to connect because it violates the document's Content Security Policy. @ https://vercel.com/:79
[   10473ms] [ERROR] Connecting to 'https://unpkg.com/detect-gpu@5.0.37/dist/benchmarks/d-nvidia.json' violates the following Content Security Policy directive: "connect-src 'self' data: *.chilipiper.com *.ingest.sentry.io *.ingest.us.sentry.io wss://ws-us3.pusher.com sockjs-use3.pusher.com react-tweet.vercel.app https://*.contentful.com vercel.com *.vercel.com assets.vercel.com *.vercel.sh vercel.live wss://*.vercel.com *.codesandbox.io localhost:* chrome-extension://* https://www.youtube-nocookie.com *.chilipiper.com https://risk.clearbit.com https://react-tweet.vercel.app/* cdp.vercel.com". The action has been blocked. @ https://vercel.com/:79
[   10473ms] [ERROR] Fetch API cannot load https://unpkg.com/detect-gpu@5.0.37/dist/benchmarks/d-nvidia.json. Refused to connect because it violates the document's Content Security Policy. @ https://vercel.com/:79
[   11361ms] [WARNING] Deprecated API for given entry type. @ https://vercel.com/vc-ap-vercel-marketing/_next/static/chunks/1tg1onxbcqkht.js?dpl=dpl_Ri5Txg3E2s71XXhpbAbWywH9DCeg:18
[   11368ms] [ERROR] Failed to load resource: the server responded with a status of 403 () @ https://vercel.com/api/jwt:0
[   12761ms] [ERROR] Failed to load resource: the server responded with a status of 429 () @ https://o205439.ingest.us.sentry.io/api/4507726617772032/envelope/?sentry_key=285c77642188feae6e662bd2903e2d52&sentry_version=7&sentry_client=sentry.javascript.browser%2F7.111.0:0
[   19774ms] [ERROR] Connecting to 'https://www.vercel-status.com/api/v2/incidents/unresolved.json' violates the following Content Security Policy directive: "connect-src 'self' data: *.chilipiper.com *.ingest.sentry.io *.ingest.us.sentry.io wss://ws-us3.pusher.com sockjs-use3.pusher.com react-tweet.vercel.app https://*.contentful.com vercel.com *.vercel.com assets.vercel.com *.vercel.sh vercel.live wss://*.vercel.com *.codesandbox.io localhost:* chrome-extension://* https://www.youtube-nocookie.com *.chilipiper.com https://risk.clearbit.com https://react-tweet.vercel.app/* cdp.vercel.com". The action has been blocked. @ https://vercel.com/:79
[   19774ms] [ERROR] Fetch API cannot load https://www.vercel-status.com/api/v2/incidents/unresolved.json. Refused to connect because it violates the document's Content Security Policy. @ https://vercel.com/:79
[   25016ms] [WARNING] The resource https://vercel.com/vc-ap-vercel-marketing/_next/static/chunks/1_q3u2jpc6-ew.css?dpl=dpl_Ri5Txg3E2s71XXhpbAbWywH9DCeg was preloaded using link preload but not used within a few seconds from the window's load event. Please make sure it has an appropriate `as` value and it is preloaded intentionally. @ https://vercel.com/:0
[   25016ms] [WARNING] The resource https://vercel.com/vc-ap-vercel-marketing/_next/static/media/9d9927955a95a20d-s.p.0i8f_s95odn18.woff2?dpl=dpl_Ri5Txg3E2s71XXhpbAbWywH9DCeg was preloaded using link preload but not used within a few seconds from the window's load event. Please make sure it has an appropriate `as` value and it is preloaded intentionally. @ https://vercel.com/:0
[   25016ms] [WARNING] The resource https://vercel.com/vc-ap-vercel-marketing/_next/static/chunks/16-s3ooglo-nf.css?dpl=dpl_Ri5Txg3E2s71XXhpbAbWywH9DCeg was preloaded using link preload but not used within a few seconds from the window's load event. Please make sure it has an appropriate `as` value and it is preloaded intentionally. @ https://vercel.com/:0
[   25016ms] [WARNING] The resource https://vercel.com/vc-ap-vercel-marketing/_next/static/chunks/1y4qjyu_nc1oi.css?dpl=dpl_Ri5Txg3E2s71XXhpbAbWywH9DCeg was preloaded using link preload but not used within a few seconds from the window's load event. Please make sure it has an appropriate `as` value and it is preloaded intentionally. @ https://vercel.com/:0
[   25016ms] [WARNING] The resource https://vercel.com/vc-ap-vercel-marketing/_next/static/chunks/266hfewu7fiey.css?dpl=dpl_Ri5Txg3E2s71XXhpbAbWywH9DCeg was preloaded using link preload but not used within a few seconds from the window's load event. Please make sure it has an appropriate `as` value and it is preloaded intentionally. @ https://vercel.com/:0
[   25016ms] [WARNING] The resource https://vercel.com/vc-ap-vercel-marketing/_next/static/chunks/02taf1-9t-7p5.css?dpl=dpl_Ri5Txg3E2s71XXhpbAbWywH9DCeg was preloaded using link preload but not used within a few seconds from the window's load event. Please make sure it has an appropriate `as` value and it is preloaded intentionally. @ https://vercel.com/:0
[   25016ms] [WARNING] The resource https://vercel.com/vc-ap-vercel-marketing/_next/static/chunks/43q8cmktu70rx.css?dpl=dpl_Ri5Txg3E2s71XXhpbAbWywH9DCeg was preloaded using link preload but not used within a few seconds from the window's load event. Please make sure it has an appropriate `as` value and it is preloaded intentionally. @ https://vercel.com/:0
[   25016ms] [WARNING] The resource https://vercel.com/vc-ap-vercel-marketing/_next/static/chunks/1gchq3zvt_nzs.css?dpl=dpl_Ri5Txg3E2s71XXhpbAbWywH9DCeg was preloaded using link preload but not used within a few seconds from the window's load event. Please make sure it has an appropriate `as` value and it is preloaded intentionally. @ https://vercel.com/:0
[   25016ms] [WARNING] The resource https://vercel.com/vc-ap-vercel-marketing/_next/static/chunks/0t_g1sau275u8.css?dpl=dpl_Ri5Txg3E2s71XXhpbAbWywH9DCeg was preloaded using link preload but not used within a few seconds from the window's load event. Please make sure it has an appropriate `as` value and it is preloaded intentionally. @ https://vercel.com/:0
[   25016ms] [WARNING] The resource https://vercel.com/vc-ap-vercel-marketing/_next/static/chunks/3n1dcvg19useq.css?dpl=dpl_Ri5Txg3E2s71XXhpbAbWywH9DCeg was preloaded using link preload but not used within a few seconds from the window's load event. Please make sure it has an appropriate `as` value and it is preloaded intentionally. @ https://vercel.com/:0
[   25016ms] [WARNING] The resource https://vercel.com/vc-ap-vercel-marketing/_next/static/chunks/2qyjirtrvs40c.css?dpl=dpl_Ri5Txg3E2s71XXhpbAbWywH9DCeg was preloaded using link preload but not used within a few seconds from the window's load event. Please make sure it has an appropriate `as` value and it is preloaded intentionally. @ https://vercel.com/:0
[   25016ms] [WARNING] The resource https://vercel.com/vc-ap-vercel-marketing/_next/static/chunks/2w84vrlu4fqij.css?dpl=dpl_Ri5Txg3E2s71XXhpbAbWywH9DCeg was preloaded using link preload but not used within a few seconds from the window's load event. Please make sure it has an appropriate `as` value and it is preloaded intentionally. @ https://vercel.com/:0
[   25016ms] [WARNING] The resource https://vercel.com/vc-ap-vercel-marketing/_next/static/chunks/3czq_7xkclxpv.css?dpl=dpl_Ri5Txg3E2s71XXhpbAbWywH9DCeg was preloaded using link preload but not used within a few seconds from the window's load event. Please make sure it has an appropriate `as` value and it is preloaded intentionally. @ https://vercel.com/:0
[   25016ms] [WARNING] The resource https://vercel.com/vc-ap-vercel-marketing/_next/static/chunks/1ctsgo1v6hp62.css?dpl=dpl_Ri5Txg3E2s71XXhpbAbWywH9DCeg was preloaded using link preload but not used within a few seconds from the window's load event. Please make sure it has an appropriate `as` value and it is preloaded intentionally. @ https://vercel.com/:0
[   25017ms] [WARNING] The resource https://vercel.com/vc-ap-vercel-marketing/_next/static/chunks/1mfgu7hupwrcj.css?dpl=dpl_Ri5Txg3E2s71XXhpbAbWywH9DCeg was preloaded using link preload but not used within a few seconds from the window's load event. Please make sure it has an appropriate `as` value and it is preloaded intentionally. @ https://vercel.com/:0
[   25017ms] [WARNING] The resource https://vercel.com/vc-ap-vercel-marketing/_next/static/chunks/2mi5_taultzcv.css?dpl=dpl_Ri5Txg3E2s71XXhpbAbWywH9DCeg was preloaded using link preload but not used within a few seconds from the window's load event. Please make sure it has an appropriate `as` value and it is preloaded intentionally. @ https://vercel.com/:0
[   25017ms] [WARNING] The resource https://vercel.com/vc-ap-vercel-marketing/_next/static/chunks/0-w9rchsl78j0.css?dpl=dpl_Ri5Txg3E2s71XXhpbAbWywH9DCeg was preloaded using link preload but not used within a few seconds from the window's load event. Please make sure it has an appropriate `as` value and it is preloaded intentionally. @ https://vercel.com/:0
[   25017ms] [WARNING] The resource https://vercel.com/vc-ap-vercel-marketing/_next/static/chunks/0hq6u__rkspsy.css?dpl=dpl_Ri5Txg3E2s71XXhpbAbWywH9DCeg was preloaded using link preload but not used within a few seconds from the window's load event. Please make sure it has an appropriate `as` value and it is preloaded intentionally. @ https://vercel.com/:0
[   25017ms] [WARNING] The resource https://vercel.com/vc-ap-vercel-marketing/_next/static/chunks/010z_knw0dsgt.css?dpl=dpl_Ri5Txg3E2s71XXhpbAbWywH9DCeg was preloaded using link preload but not used within a few seconds from the window's load event. Please make sure it has an appropriate `as` value and it is preloaded intentionally. @ https://vercel.com/:0
[   25017ms] [WARNING] The resource https://vercel.com/vc-ap-vercel-marketing/_next/static/chunks/3czy7ofjige02.css?dpl=dpl_Ri5Txg3E2s71XXhpbAbWywH9DCeg was preloaded using link preload but not used within a few seconds from the window's load event. Please make sure it has an appropriate `as` value and it is preloaded intentionally. @ https://vercel.com/:0
[   25017ms] [WARNING] The resource https://vercel.com/vc-ap-vercel-marketing/_next/static/chunks/04w_ydc_s4asg.css?dpl=dpl_Ri5Txg3E2s71XXhpbAbWywH9DCeg was preloaded using link preload but not used within a few seconds from the window's load event. Please make sure it has an appropriate `as` value and it is preloaded intentionally. @ https://vercel.com/:0
[   25017ms] [WARNING] The resource https://vercel.com/vc-ap-vercel-marketing/_next/static/chunks/0qxbng4pz25iw.css?dpl=dpl_Ri5Txg3E2s71XXhpbAbWywH9DCeg was preloaded using link preload but not used within a few seconds from the window's load event. Please make sure it has an appropriate `as` value and it is preloaded intentionally. @ https://vercel.com/:0
[   25995ms] [LOG] %c
▲

    ____                               _ __
   / __ \________  ____ _____ ___     (_) /_
  / / / / ___/ _ \/ __ `/ __ `__ \   / / __/
 / /_/ / /  /  __/ /_/ / / / / / /  / / /__
/_____/_/   \___/\__,_/_/ /_/ /_/  /_/\__( )
   _____ __    _          _ __           |/
  / ___// /_  (_)___     (_) /_
  \__ \/ __ \/ / __ \   / / __/
 ___/ / / / / / /_/ /  / / /_
/____/_/ /_/_/ .___/  /_/\__/
            /_/
  

Hello!

- Open Source https://vercel.com/oss
- Careers https://vercel.com/careers
- Status https://vercel-status.com

 font-family: "Geist Mono", monospace; white-space: pre; line-height: 1; @ https://vercel.com/_next/static/chunks/01y--5zzwwg65.js?dpl=dpl_Fa9hqyb33EnuzqqMT9ghKNL1ih9m:72
[   26328ms] [WARNING] Deprecated API for given entry type. @ https://vercel.com/_next/static/chunks/390_-upaaoe2i.js?dpl=dpl_Fa9hqyb33EnuzqqMT9ghKNL1ih9m:18
[   26359ms] [ERROR] Failed to load resource: the server responded with a status of 403 () @ https://vercel.com/api/jwt:0
[   26497ms] [WARNING] [GSI_LOGGER]: Your client application uses one of the Google One Tap prompt UI status methods that may stop functioning when FedCM becomes mandatory. Refer to the migration guide to update your code accordingly and opt-in to FedCM to test your changes. Learn more: https://developers.google.com/identity/gsi/web/guides/fedcm-migration?s=dc#display_moment and https://developers.google.com/identity/gsi/web/guides/fedcm-migration?s=dc#skipped_moment @ https://vercel.com/_next/static/chunks/390_-upaaoe2i.js?dpl=dpl_Fa9hqyb33EnuzqqMT9ghKNL1ih9m:16
[   26499ms] [ERROR] Not signed in with the identity provider. @ https://vercel.com/login:0
[   27715ms] [ERROR] [GSI_LOGGER]: FedCM get() rejects with AbortError: signal is aborted without reason @ https://vercel.com/_next/static/chunks/3w3-pab8xqpd2.js?dpl=dpl_Fa9hqyb33EnuzqqMT9ghKNL1ih9m:2
[   28135ms] [ERROR] Failed to load resource: the server responded with a status of 429 () @ https://o205439.ingest.sentry.io/api/1323670/envelope/?sentry_key=d00780d432ac4ccf882f60dd02062e14&sentry_version=7&sentry_client=sentry.javascript.browser%2F7.111.0:0
[   30321ms] [LOG] %c
▲

  ________            ___    ____   ________                __
 /_  __/ /_  ___     /   |  /  _/  / ____/ /___  __  ______/ /
  / / / __ \/ _ \   / /| |  / /   / /   / / __ \/ / / / __  /
 / / / / / /  __/  / ___ |_/ /   / /___/ / /_/ / /_/ / /_/ /
/_/ /_/ /_/\___/  /_/  |_/___/   \____/_/\____/\__,_/\__,_/
  

Hello!

- Open Source https://vercel.com/oss
- Careers https://vercel.com/careers
- Status https://vercel-status.com

 font-family: "Geist Mono", monospace; white-space: pre; line-height: 1; @ https://vercel.com/_next/static/chunks/0zys9gxbu7opo.js?dpl=dpl_Fa9hqyb33EnuzqqMT9ghKNL1ih9m:72
[   30657ms] [WARNING] Deprecated API for given entry type. @ https://vercel.com/_next/static/chunks/1st4cvlynsa0l.js?dpl=dpl_Fa9hqyb33EnuzqqMT9ghKNL1ih9m:18
[   30714ms] [ERROR] Failed to load resource: the server responded with a status of 403 () @ https://vercel.com/api/jwt:0
[   31696ms] [ERROR] Failed to load resource: the server responded with a status of 404 () @ https://vercel.com/_next/data/build-TfctsWXpff2fKS/memeflyflys-projects.json:0
[   32047ms] [LOG] %c
▲

  ________            ___    ____   ________                __
 /_  __/ /_  ___     /   |  /  _/  / ____/ /___  __  ______/ /
  / / / __ \/ _ \   / /| |  / /   / /   / / __ \/ / / / __  /
 / / / / / /  __/  / ___ |_/ /   / /___/ / /_/ / /_/ / /_/ /
/_/ /_/ /_/\___/  /_/  |_/___/   \____/_/\____/\__,_/\__,_/
  

Hello!

- Open Source https://vercel.com/oss
- Careers https://vercel.com/careers
- Status https://vercel-status.com

 font-family: "Geist Mono", monospace; white-space: pre; line-height: 1; @ https://vercel.com/_next/static/chunks/01y--5zzwwg65.js?dpl=dpl_Fa9hqyb33EnuzqqMT9ghKNL1ih9m:72
[   33660ms] [WARNING] Deprecated API for given entry type. @ https://vercel.com/_next/static/chunks/390_-upaaoe2i.js?dpl=dpl_Fa9hqyb33EnuzqqMT9ghKNL1ih9m:18
[   38715ms] [ERROR] Failed to load resource: the server responded with a status of 404 () @ https://vercel.com/memeflyflys-projects?_rsc=16oqp:0
[   38738ms] [ERROR] Failed to load resource: the server responded with a status of 404 () @ https://vercel.com/memeflyflys-projects?_rsc=1pcta:0
[   43766ms] [WARNING] The resource https://vercel.com/_next/static/chunks/44sf-0odn3z0a.css?dpl=dpl_Fa9hqyb33EnuzqqMT9ghKNL1ih9m was preloaded using link preload but not used within a few seconds from the window's load event. Please make sure it has an appropriate `as` value and it is preloaded intentionally. @ https://vercel.com/memeflyflys-projects:0
[   43766ms] [WARNING] The resource https://vercel.com/_next/static/chunks/2s9v6i7_m2k_o.css?dpl=dpl_Fa9hqyb33EnuzqqMT9ghKNL1ih9m was preloaded using link preload but not used within a few seconds from the window's load event. Please make sure it has an appropriate `as` value and it is preloaded intentionally. @ https://vercel.com/memeflyflys-projects:0
[   43766ms] [WARNING] The resource https://vercel.com/_next/static/chunks/1uw1dgdf8jkn6.css?dpl=dpl_Fa9hqyb33EnuzqqMT9ghKNL1ih9m was preloaded using link preload but not used within a few seconds from the window's load event. Please make sure it has an appropriate `as` value and it is preloaded intentionally. @ https://vercel.com/memeflyflys-projects:0
[   43766ms] [WARNING] The resource https://vercel.com/_next/static/chunks/17f0l6hzzjgle.css?dpl=dpl_Fa9hqyb33EnuzqqMT9ghKNL1ih9m was preloaded using link preload but not used within a few seconds from the window's load event. Please make sure it has an appropriate `as` value and it is preloaded intentionally. @ https://vercel.com/memeflyflys-projects:0
[   43766ms] [WARNING] The resource https://vercel.com/_next/static/chunks/1whvy2zpstawi.css?dpl=dpl_Fa9hqyb33EnuzqqMT9ghKNL1ih9m was preloaded using link preload but not used within a few seconds from the window's load event. Please make sure it has an appropriate `as` value and it is preloaded intentionally. @ https://vercel.com/memeflyflys-projects:0
[   43766ms] [WARNING] The resource https://vercel.com/_next/static/chunks/10d0c6ghudi75.css?dpl=dpl_Fa9hqyb33EnuzqqMT9ghKNL1ih9m was preloaded using link preload but not used within a few seconds from the window's load event. Please make sure it has an appropriate `as` value and it is preloaded intentionally. @ https://vercel.com/memeflyflys-projects:0
[   43766ms] [WARNING] The resource https://vercel.com/_next/static/chunks/25nnd13fh_4k5.css?dpl=dpl_Fa9hqyb33EnuzqqMT9ghKNL1ih9m was preloaded using link preload but not used within a few seconds from the window's load event. Please make sure it has an appropriate `as` value and it is preloaded intentionally. @ https://vercel.com/memeflyflys-projects:0
[   43766ms] [WARNING] The resource https://vercel.com/_next/static/chunks/303slq7wiabok.css?dpl=dpl_Fa9hqyb33EnuzqqMT9ghKNL1ih9m was preloaded using link preload but not used within a few seconds from the window's load event. Please make sure it has an appropriate `as` value and it is preloaded intentionally. @ https://vercel.com/memeflyflys-projects:0
[   54056ms] [WARNING] The resource https://vercel.com/_next/static/chunks/44sf-0odn3z0a.css?dpl=dpl_Fa9hqyb33EnuzqqMT9ghKNL1ih9m was preloaded using link preload but not used within a few seconds from the window's load event. Please make sure it has an appropriate `as` value and it is preloaded intentionally. @ https://vercel.com/memeflyflys-projects:0
[   54056ms] [WARNING] The resource https://vercel.com/_next/static/chunks/2s9v6i7_m2k_o.css?dpl=dpl_Fa9hqyb33EnuzqqMT9ghKNL1ih9m was preloaded using link preload but not used within a few seconds from the window's load event. Please make sure it has an appropriate `as` value and it is preloaded intentionally. @ https://vercel.com/memeflyflys-projects:0
[   54056ms] [WARNING] The resource https://vercel.com/_next/static/chunks/1uw1dgdf8jkn6.css?dpl=dpl_Fa9hqyb33EnuzqqMT9ghKNL1ih9m was preloaded using link preload but not used within a few seconds from the window's load event. Please make sure it has an appropriate `as` value and it is preloaded intentionally. @ https://vercel.com/memeflyflys-projects:0
[   54056ms] [WARNING] The resource https://vercel.com/_next/static/chunks/17f0l6hzzjgle.css?dpl=dpl_Fa9hqyb33EnuzqqMT9ghKNL1ih9m was preloaded using link preload but not used within a few seconds from the window's load event. Please make sure it has an appropriate `as` value and it is preloaded intentionally. @ https://vercel.com/memeflyflys-projects:0
[   54056ms] [WARNING] The resource https://vercel.com/_next/static/chunks/1whvy2zpstawi.css?dpl=dpl_Fa9hqyb33EnuzqqMT9ghKNL1ih9m was preloaded using link preload but not used within a few seconds from the window's load event. Please make sure it has an appropriate `as` value and it is preloaded intentionally. @ https://vercel.com/memeflyflys-projects:0
[   54057ms] [WARNING] The resource https://vercel.com/_next/static/chunks/10d0c6ghudi75.css?dpl=dpl_Fa9hqyb33EnuzqqMT9ghKNL1ih9m was preloaded using link preload but not used within a few seconds from the window's load event. Please make sure it has an appropriate `as` value and it is preloaded intentionally. @ https://vercel.com/memeflyflys-projects:0
[   54057ms] [WARNING] The resource https://vercel.com/_next/static/chunks/25nnd13fh_4k5.css?dpl=dpl_Fa9hqyb33EnuzqqMT9ghKNL1ih9m was preloaded using link preload but not used within a few seconds from the window's load event. Please make sure it has an appropriate `as` value and it is preloaded intentionally. @ https://vercel.com/memeflyflys-projects:0
[   54057ms] [WARNING] The resource https://vercel.com/_next/static/chunks/303slq7wiabok.css?dpl=dpl_Fa9hqyb33EnuzqqMT9ghKNL1ih9m was preloaded using link preload but not used within a few seconds from the window's load event. Please make sure it has an appropriate `as` value and it is preloaded intentionally. @ https://vercel.com/memeflyflys-projects:0
[  637030ms] [WARNING] The resource https://vercel.com/_next/static/chunks/44sf-0odn3z0a.css?dpl=dpl_Fa9hqyb33EnuzqqMT9ghKNL1ih9m was preloaded using link preload but not used within a few seconds from the window's load event. Please make sure it has an appropriate `as` value and it is preloaded intentionally. @ https://vercel.com/memeflyflys-projects:0
[  637031ms] [WARNING] The resource https://vercel.com/_next/static/chunks/2s9v6i7_m2k_o.css?dpl=dpl_Fa9hqyb33EnuzqqMT9ghKNL1ih9m was preloaded using link preload but not used within a few seconds from the window's load event. Please make sure it has an appropriate `as` value and it is preloaded intentionally. @ https://vercel.com/memeflyflys-projects:0
[  637031ms] [WARNING] The resource https://vercel.com/_next/static/chunks/1uw1dgdf8jkn6.css?dpl=dpl_Fa9hqyb33EnuzqqMT9ghKNL1ih9m was preloaded using link preload but not used within a few seconds from the window's load event. Please make sure it has an appropriate `as` value and it is preloaded intentionally. @ https://vercel.com/memeflyflys-projects:0
[  637031ms] [WARNING] The resource https://vercel.com/_next/static/chunks/17f0l6hzzjgle.css?dpl=dpl_Fa9hqyb33EnuzqqMT9ghKNL1ih9m was preloaded using link preload but not used within a few seconds from the window's load event. Please make sure it has an appropriate `as` value and it is preloaded intentionally. @ https://vercel.com/memeflyflys-projects:0
[  637031ms] [WARNING] The resource https://vercel.com/_next/static/chunks/1whvy2zpstawi.css?dpl=dpl_Fa9hqyb33EnuzqqMT9ghKNL1ih9m was preloaded using link preload but not used within a few seconds from the window's load event. Please make sure it has an appropriate `as` value and it is preloaded intentionally. @ https://vercel.com/memeflyflys-projects:0
[  637031ms] [WARNING] The resource https://vercel.com/_next/static/chunks/10d0c6ghudi75.css?dpl=dpl_Fa9hqyb33EnuzqqMT9ghKNL1ih9m was preloaded using link preload but not used within a few seconds from the window's load event. Please make sure it has an appropriate `as` value and it is preloaded intentionally. @ https://vercel.com/memeflyflys-projects:0
[  637032ms] [WARNING] The resource https://vercel.com/_next/static/chunks/25nnd13fh_4k5.css?dpl=dpl_Fa9hqyb33EnuzqqMT9ghKNL1ih9m was preloaded using link preload but not used within a few seconds from the window's load event. Please make sure it has an appropriate `as` value and it is preloaded intentionally. @ https://vercel.com/memeflyflys-projects:0
[  637032ms] [WARNING] The resource https://vercel.com/_next/static/chunks/303slq7wiabok.css?dpl=dpl_Fa9hqyb33EnuzqqMT9ghKNL1ih9m was preloaded using link preload but not used within a few seconds from the window's load event. Please make sure it has an appropriate `as` value and it is preloaded intentionally. @ https://vercel.com/memeflyflys-projects:0
[ 1237467ms] [WARNING] The resource https://vercel.com/_next/static/chunks/44sf-0odn3z0a.css?dpl=dpl_Fa9hqyb33EnuzqqMT9ghKNL1ih9m was preloaded using link preload but not used within a few seconds from the window's load event. Please make sure it has an appropriate `as` value and it is preloaded intentionally. @ https://vercel.com/memeflyflys-projects:0
[ 1237467ms] [WARNING] The resource https://vercel.com/_next/static/chunks/2s9v6i7_m2k_o.css?dpl=dpl_Fa9hqyb33EnuzqqMT9ghKNL1ih9m was preloaded using link preload but not used within a few seconds from the window's load event. Please make sure it has an appropriate `as` value and it is preloaded intentionally. @ https://vercel.com/memeflyflys-projects:0
[ 1237467ms] [WARNING] The resource https://vercel.com/_next/static/chunks/1uw1dgdf8jkn6.css?dpl=dpl_Fa9hqyb33EnuzqqMT9ghKNL1ih9m was preloaded using link preload but not used within a few seconds from the window's load event. Please make sure it has an appropriate `as` value and it is preloaded intentionally. @ https://vercel.com/memeflyflys-projects:0
[ 1237467ms] [WARNING] The resource https://vercel.com/_next/static/chunks/17f0l6hzzjgle.css?dpl=dpl_Fa9hqyb33EnuzqqMT9ghKNL1ih9m was preloaded using link preload but not used within a few seconds from the window's load event. Please make sure it has an appropriate `as` value and it is preloaded intentionally. @ https://vercel.com/memeflyflys-projects:0
[ 1237467ms] [WARNING] The resource https://vercel.com/_next/static/chunks/1whvy2zpstawi.css?dpl=dpl_Fa9hqyb33EnuzqqMT9ghKNL1ih9m was preloaded using link preload but not used within a few seconds from the window's load event. Please make sure it has an appropriate `as` value and it is preloaded intentionally. @ https://vercel.com/memeflyflys-projects:0
[ 1237467ms] [WARNING] The resource https://vercel.com/_next/static/chunks/10d0c6ghudi75.css?dpl=dpl_Fa9hqyb33EnuzqqMT9ghKNL1ih9m was preloaded using link preload but not used within a few seconds from the window's load event. Please make sure it has an appropriate `as` value and it is preloaded intentionally. @ https://vercel.com/memeflyflys-projects:0
[ 1237467ms] [WARNING] The resource https://vercel.com/_next/static/chunks/25nnd13fh_4k5.css?dpl=dpl_Fa9hqyb33EnuzqqMT9ghKNL1ih9m was preloaded using link preload but not used within a few seconds from the window's load event. Please make sure it has an appropriate `as` value and it is preloaded intentionally. @ https://vercel.com/memeflyflys-projects:0
[ 1237467ms] [WARNING] The resource https://vercel.com/_next/static/chunks/303slq7wiabok.css?dpl=dpl_Fa9hqyb33EnuzqqMT9ghKNL1ih9m was preloaded using link preload but not used within a few seconds from the window's load event. Please make sure it has an appropriate `as` value and it is preloaded intentionally. @ https://vercel.com/memeflyflys-projects:0
[ 1838066ms] [WARNING] The resource https://vercel.com/_next/static/chunks/44sf-0odn3z0a.css?dpl=dpl_Fa9hqyb33EnuzqqMT9ghKNL1ih9m was preloaded using link preload but not used within a few seconds from the window's load event. Please make sure it has an appropriate `as` value and it is preloaded intentionally. @ https://vercel.com/memeflyflys-projects:0
[ 1838066ms] [WARNING] The resource https://vercel.com/_next/static/chunks/2s9v6i7_m2k_o.css?dpl=dpl_Fa9hqyb33EnuzqqMT9ghKNL1ih9m was preloaded using link preload but not used within a few seconds from the window's load event. Please make sure it has an appropriate `as` value and it is preloaded intentionally. @ https://vercel.com/memeflyflys-projects:0
[ 1838066ms] [WARNING] The resource https://vercel.com/_next/static/chunks/1uw1dgdf8jkn6.css?dpl=dpl_Fa9hqyb33EnuzqqMT9ghKNL1ih9m was preloaded using link preload but not used within a few seconds from the window's load event. Please make sure it has an appropriate `as` value and it is preloaded intentionally. @ https://vercel.com/memeflyflys-projects:0
[ 1838066ms] [WARNING] The resource https://vercel.com/_next/static/chunks/17f0l6hzzjgle.css?dpl=dpl_Fa9hqyb33EnuzqqMT9ghKNL1ih9m was preloaded using link preload but not used within a few seconds from the window's load event. Please make sure it has an appropriate `as` value and it is preloaded intentionally. @ https://vercel.com/memeflyflys-projects:0
[ 1838066ms] [WARNING] The resource https://vercel.com/_next/static/chunks/1whvy2zpstawi.css?dpl=dpl_Fa9hqyb33EnuzqqMT9ghKNL1ih9m was preloaded using link preload but not used within a few seconds from the window's load event. Please make sure it has an appropriate `as` value and it is preloaded intentionally. @ https://vercel.com/memeflyflys-projects:0
[ 1838066ms] [WARNING] The resource https://vercel.com/_next/static/chunks/10d0c6ghudi75.css?dpl=dpl_Fa9hqyb33EnuzqqMT9ghKNL1ih9m was preloaded using link preload but not used within a few seconds from the window's load event. Please make sure it has an appropriate `as` value and it is preloaded intentionally. @ https://vercel.com/memeflyflys-projects:0
[ 1838066ms] [WARNING] The resource https://vercel.com/_next/static/chunks/25nnd13fh_4k5.css?dpl=dpl_Fa9hqyb33EnuzqqMT9ghKNL1ih9m was preloaded using link preload but not used within a few seconds from the window's load event. Please make sure it has an appropriate `as` value and it is preloaded intentionally. @ https://vercel.com/memeflyflys-projects:0
[ 1838066ms] [WARNING] The resource https://vercel.com/_next/static/chunks/303slq7wiabok.css?dpl=dpl_Fa9hqyb33EnuzqqMT9ghKNL1ih9m was preloaded using link preload but not used within a few seconds from the window's load event. Please make sure it has an appropriate `as` value and it is preloaded intentionally. @ https://vercel.com/memeflyflys-projects:0
[ 2438670ms] [WARNING] The resource https://vercel.com/_next/static/chunks/44sf-0odn3z0a.css?dpl=dpl_Fa9hqyb33EnuzqqMT9ghKNL1ih9m was preloaded using link preload but not used within a few seconds from the window's load event. Please make sure it has an appropriate `as` value and it is preloaded intentionally. @ https://vercel.com/memeflyflys-projects:0
[ 2438670ms] [WARNING] The resource https://vercel.com/_next/static/chunks/2s9v6i7_m2k_o.css?dpl=dpl_Fa9hqyb33EnuzqqMT9ghKNL1ih9m was preloaded using link preload but not used within a few seconds from the window's load event. Please make sure it has an appropriate `as` value and it is preloaded intentionally. @ https://vercel.com/memeflyflys-projects:0
[ 2438670ms] [WARNING] The resource https://vercel.com/_next/static/chunks/1uw1dgdf8jkn6.css?dpl=dpl_Fa9hqyb33EnuzqqMT9ghKNL1ih9m was preloaded using link preload but not used within a few seconds from the window's load event. Please make sure it has an appropriate `as` value and it is preloaded intentionally. @ https://vercel.com/memeflyflys-projects:0
[ 2438670ms] [WARNING] The resource https://vercel.com/_next/static/chunks/17f0l6hzzjgle.css?dpl=dpl_Fa9hqyb33EnuzqqMT9ghKNL1ih9m was preloaded using link preload but not used within a few seconds from the window's load event. Please make sure it has an appropriate `as` value and it is preloaded intentionally. @ https://vercel.com/memeflyflys-projects:0
[ 2438670ms] [WARNING] The resource https://vercel.com/_next/static/chunks/1whvy2zpstawi.css?dpl=dpl_Fa9hqyb33EnuzqqMT9ghKNL1ih9m was preloaded using link preload but not used within a few seconds from the window's load event. Please make sure it has an appropriate `as` value and it is preloaded intentionally. @ https://vercel.com/memeflyflys-projects:0
[ 2438670ms] [WARNING] The resource https://vercel.com/_next/static/chunks/10d0c6ghudi75.css?dpl=dpl_Fa9hqyb33EnuzqqMT9ghKNL1ih9m was preloaded using link preload but not used within a few seconds from the window's load event. Please make sure it has an appropriate `as` value and it is preloaded intentionally. @ https://vercel.com/memeflyflys-projects:0
[ 2438670ms] [WARNING] The resource https://vercel.com/_next/static/chunks/25nnd13fh_4k5.css?dpl=dpl_Fa9hqyb33EnuzqqMT9ghKNL1ih9m was preloaded using link preload but not used within a few seconds from the window's load event. Please make sure it has an appropriate `as` value and it is preloaded intentionally. @ https://vercel.com/memeflyflys-projects:0
[ 2438670ms] [WARNING] The resource https://vercel.com/_next/static/chunks/303slq7wiabok.css?dpl=dpl_Fa9hqyb33EnuzqqMT9ghKNL1ih9m was preloaded using link preload but not used within a few seconds from the window's load event. Please make sure it has an appropriate `as` value and it is preloaded intentionally. @ https://vercel.com/memeflyflys-projects:0
[ 3039141ms] [WARNING] The resource https://vercel.com/_next/static/chunks/44sf-0odn3z0a.css?dpl=dpl_Fa9hqyb33EnuzqqMT9ghKNL1ih9m was preloaded using link preload but not used within a few seconds from the window's load event. Please make sure it has an appropriate `as` value and it is preloaded intentionally. @ https://vercel.com/memeflyflys-projects:0
[ 3039142ms] [WARNING] The resource https://vercel.com/_next/static/chunks/2s9v6i7_m2k_o.css?dpl=dpl_Fa9hqyb33EnuzqqMT9ghKNL1ih9m was preloaded using link preload but not used within a few seconds from the window's load event. Please make sure it has an appropriate `as` value and it is preloaded intentionally. @ https://vercel.com/memeflyflys-projects:0
[ 3039142ms] [WARNING] The resource https://vercel.com/_next/static/chunks/1uw1dgdf8jkn6.css?dpl=dpl_Fa9hqyb33EnuzqqMT9ghKNL1ih9m was preloaded using link preload but not used within a few seconds from the window's load event. Please make sure it has an appropriate `as` value and it is preloaded intentionally. @ https://vercel.com/memeflyflys-projects:0
[ 3039142ms] [WARNING] The resource https://vercel.com/_next/static/chunks/17f0l6hzzjgle.css?dpl=dpl_Fa9hqyb33EnuzqqMT9ghKNL1ih9m was preloaded using link preload but not used within a few seconds from the window's load event. Please make sure it has an appropriate `as` value and it is preloaded intentionally. @ https://vercel.com/memeflyflys-projects:0
[ 3039142ms] [WARNING] The resource https://vercel.com/_next/static/chunks/1whvy2zpstawi.css?dpl=dpl_Fa9hqyb33EnuzqqMT9ghKNL1ih9m was preloaded using link preload but not used within a few seconds from the window's load event. Please make sure it has an appropriate `as` value and it is preloaded intentionally. @ https://vercel.com/memeflyflys-projects:0
[ 3039142ms] [WARNING] The resource https://vercel.com/_next/static/chunks/10d0c6ghudi75.css?dpl=dpl_Fa9hqyb33EnuzqqMT9ghKNL1ih9m was preloaded using link preload but not used within a few seconds from the window's load event. Please make sure it has an appropriate `as` value and it is preloaded intentionally. @ https://vercel.com/memeflyflys-projects:0
[ 3039142ms] [WARNING] The resource https://vercel.com/_next/static/chunks/25nnd13fh_4k5.css?dpl=dpl_Fa9hqyb33EnuzqqMT9ghKNL1ih9m was preloaded using link preload but not used within a few seconds from the window's load event. Please make sure it has an appropriate `as` value and it is preloaded intentionally. @ https://vercel.com/memeflyflys-projects:0
[ 3039142ms] [WARNING] The resource https://vercel.com/_next/static/chunks/303slq7wiabok.css?dpl=dpl_Fa9hqyb33EnuzqqMT9ghKNL1ih9m was preloaded using link preload but not used within a few seconds from the window's load event. Please make sure it has an appropriate `as` value and it is preloaded intentionally. @ https://vercel.com/memeflyflys-projects:0
[ 3639634ms] [WARNING] The resource https://vercel.com/_next/static/chunks/44sf-0odn3z0a.css?dpl=dpl_Fa9hqyb33EnuzqqMT9ghKNL1ih9m was preloaded using link preload but not used within a few seconds from the window's load event. Please make sure it has an appropriate `as` value and it is preloaded intentionally. @ https://vercel.com/memeflyflys-projects:0
[ 3639634ms] [WARNING] The resource https://vercel.com/_next/static/chunks/2s9v6i7_m2k_o.css?dpl=dpl_Fa9hqyb33EnuzqqMT9ghKNL1ih9m was preloaded using link preload but not used within a few seconds from the window's load event. Please make sure it has an appropriate `as` value and it is preloaded intentionally. @ https://vercel.com/memeflyflys-projects:0
[ 3639634ms] [WARNING] The resource https://vercel.com/_next/static/chunks/1uw1dgdf8jkn6.css?dpl=dpl_Fa9hqyb33EnuzqqMT9ghKNL1ih9m was preloaded using link preload but not used within a few seconds from the window's load event. Please make sure it has an appropriate `as` value and it is preloaded intentionally. @ https://vercel.com/memeflyflys-projects:0
[ 3639634ms] [WARNING] The resource https://vercel.com/_next/static/chunks/17f0l6hzzjgle.css?dpl=dpl_Fa9hqyb33EnuzqqMT9ghKNL1ih9m was preloaded using link preload but not used within a few seconds from the window's load event. Please make sure it has an appropriate `as` value and it is preloaded intentionally. @ https://vercel.com/memeflyflys-projects:0
[ 3639634ms] [WARNING] The resource https://vercel.com/_next/static/chunks/1whvy2zpstawi.css?dpl=dpl_Fa9hqyb33EnuzqqMT9ghKNL1ih9m was preloaded using link preload but not used within a few seconds from the window's load event. Please make sure it has an appropriate `as` value and it is preloaded intentionally. @ https://vercel.com/memeflyflys-projects:0
[ 3639634ms] [WARNING] The resource https://vercel.com/_next/static/chunks/10d0c6ghudi75.css?dpl=dpl_Fa9hqyb33EnuzqqMT9ghKNL1ih9m was preloaded using link preload but not used within a few seconds from the window's load event. Please make sure it has an appropriate `as` value and it is preloaded intentionally. @ https://vercel.com/memeflyflys-projects:0
[ 3639634ms] [WARNING] The resource https://vercel.com/_next/static/chunks/25nnd13fh_4k5.css?dpl=dpl_Fa9hqyb33EnuzqqMT9ghKNL1ih9m was preloaded using link preload but not used within a few seconds from the window's load event. Please make sure it has an appropriate `as` value and it is preloaded intentionally. @ https://vercel.com/memeflyflys-projects:0
[ 3639634ms] [WARNING] The resource https://vercel.com/_next/static/chunks/303slq7wiabok.css?dpl=dpl_Fa9hqyb33EnuzqqMT9ghKNL1ih9m was preloaded using link preload but not used within a few seconds from the window's load event. Please make sure it has an appropriate `as` value and it is preloaded intentionally. @ https://vercel.com/memeflyflys-projects:0
